\BOOKMARK [1][-]{section.1}{\376\377\004\036\004\077\004\070\004\101\004\060\004\075\004\070\004\065\000\040\004\077\004\100\004\076\004\065\004\072\004\102\004\060}{}% 1
\BOOKMARK [2][-]{subsection.1.1}{\376\377\004\036\004\061\004\111\004\060\004\117\000\040\004\101\004\102\004\100\004\103\004\072\004\102\004\103\004\100\004\060}{section.1}% 2
\BOOKMARK [2][-]{subsection.1.2}{\376\377\004\024\004\070\004\060\004\063\004\100\004\060\004\074\004\074\004\060\000\040\004\070\004\075\004\104\004\100\004\060\004\101\004\102\004\100\004\103\004\072\004\102\004\103\004\100\004\113}{section.1}% 3
\BOOKMARK [1][-]{section.2}{\376\377\004\041\004\102\004\100\004\103\004\072\004\102\004\103\004\100\004\060\000\040\004\070\000\040\004\115\004\073\004\065\004\074\004\065\004\075\004\102\004\113\000\040\004\105\004\100\004\060\004\075\004\070\004\073\004\070\004\111\004\060\000\040\004\064\004\060\004\075\004\075\004\113\004\105}{}% 4
\BOOKMARK [2][-]{subsection.2.1}{\376\377\004\041\004\105\004\065\004\074\004\113}{section.2}% 5
\BOOKMARK [2][-]{subsection.2.2}{\376\377\004\041\004\105\004\065\004\074\004\060\000\040\000a\000r\000c\000h\000i\000v\000e\000:\000\040\004\076\004\077\004\070\004\101\004\060\004\075\004\070\004\065}{section.2}% 6
\BOOKMARK [2][-]{subsection.2.3}{\376\377\004\041\004\105\004\065\004\074\004\060\000\040\000b\000u\000s\000i\000n\000e\000s\000s\000:\000\040\004\076\004\077\004\070\004\101\004\060\004\075\004\070\004\065}{section.2}% 7
\BOOKMARK [3][-]{subsubsection.2.3.1}{\376\377\004\042\004\060\004\061\004\073\004\070\004\106\004\060\000\040\000c\000a\000t\000e\000g\000o\000r\000y}{subsection.2.3}% 8
\BOOKMARK [3][-]{subsubsection.2.3.2}{\376\377\004\042\004\060\004\061\004\073\004\070\004\106\004\060\000\040\000p\000r\000o\000d\000u\000c\000t}{subsection.2.3}% 9
\BOOKMARK [3][-]{subsubsection.2.3.3}{\376\377\004\042\004\060\004\061\004\073\004\070\004\106\004\060\000\040\000s\000h\000o\000p}{subsection.2.3}% 10
\BOOKMARK [3][-]{subsubsection.2.3.4}{\376\377\004\042\004\060\004\061\004\073\004\070\004\106\004\060\000\040\000i\000n\000v\000e\000n\000t\000o\000r\000y}{subsection.2.3}% 11
\BOOKMARK [3][-]{subsubsection.2.3.5}{\376\377\004\042\004\060\004\061\004\073\004\070\004\106\004\060\000\040\000s\000u\000p\000p\000l\000i\000e\000r}{subsection.2.3}% 12
\BOOKMARK [3][-]{subsubsection.2.3.6}{\376\377\004\042\004\060\004\061\004\073\004\070\004\106\004\060\000\040\000c\000u\000s\000t\000o\000m\000e\000r}{subsection.2.3}% 13
\BOOKMARK [3][-]{subsubsection.2.3.7}{\376\377\004\042\004\060\004\061\004\073\004\070\004\106\004\060\000\040\000p\000u\000r\000c\000h\000a\000s\000e}{subsection.2.3}% 14
\BOOKMARK [3][-]{subsubsection.2.3.8}{\376\377\004\042\004\060\004\061\004\073\004\070\004\106\004\060\000\040\000p\000u\000r\000c\000h\000a\000s\000e\000\137\000i\000t\000e\000m}{subsection.2.3}% 15
\BOOKMARK [3][-]{subsubsection.2.3.9}{\376\377\004\030\004\075\004\064\004\065\004\072\004\101\004\113}{subsection.2.3}% 16
\BOOKMARK [2][-]{subsection.2.4}{\376\377\004\037\004\076\004\073\004\114\004\067\004\076\004\062\004\060\004\102\004\065\004\073\004\114\004\101\004\072\004\070\004\065\000\040\004\102\004\070\004\077\004\113\000\040\004\064\004\060\004\075\004\075\004\113\004\105}{section.2}% 17
\BOOKMARK [2][-]{subsection.2.5}{\376\377\004\037\004\100\004\076\004\106\004\065\004\064\004\103\004\100\004\113\000,\000\040\004\104\004\103\004\075\004\072\004\106\004\070\004\070\000\040\004\070\000\040\004\067\004\060\004\064\004\060\004\075\004\070\004\117\000\040\004\077\004\076\000\040\004\100\004\060\004\101\004\077\004\070\004\101\004\060\004\075\004\070\004\116}{section.2}% 18
\BOOKMARK [3][-]{subsubsection.2.5.1}{\376\377\004\037\004\100\004\076\004\106\004\065\004\064\004\103\004\100\004\113}{subsection.2.5}% 19
\BOOKMARK [3][-]{subsubsection.2.5.2}{\376\377\004\044\004\103\004\075\004\072\004\106\004\070\004\070}{subsection.2.5}% 20
\BOOKMARK [3][-]{subsubsection.2.5.3}{\376\377\004\027\004\060\004\064\004\060\004\075\004\070\004\065\000\040\004\077\004\076\000\040\004\100\004\060\004\101\004\077\004\070\004\101\004\060\004\075\004\070\004\116}{subsection.2.5}% 21
\BOOKMARK [2][-]{subsection.2.6}{\376\377\004\041\004\105\004\065\004\074\004\060\000\040\000c\000r\000o\000n\000:\000\040\004\076\004\077\004\070\004\101\004\060\004\075\004\070\004\065}{section.2}% 22
\BOOKMARK [2][-]{subsection.2.7}{\376\377\004\041\004\105\004\065\004\074\004\060\000\040\000m\000i\000g\000r\000a\000t\000i\000o\000n\000s\000:\000\040\004\076\004\077\004\070\004\101\004\060\004\075\004\070\004\065}{section.2}% 23
\BOOKMARK [1][-]{section.3}{\376\377\004\032\004\073\004\060\004\101\004\102\004\065\004\100\000\040\000P\000a\000t\000r\000o\000n\000i\000\040\004\070\000\040\004\075\004\060\004\101\004\102\004\100\004\076\004\071\004\072\004\070\000\040\004\103\004\067\004\073\004\076\004\062\000\040\004\021\004\024}{}% 24
