This is pdfTeX, Version 3.141592653-2.6-1.40.26 (TeX Live 2024) (preloaded format=pdflatex 2025.2.8)  26 FEB 2025 14:57
entering extended mode
 restricted \write18 enabled.
 file:line:error style messages enabled.
 %&-line parsing enabled.
**–õ–∞–ø-–õ–∞–Ω–¥–∏—è.tex
(./–õ–∞–ø-–õ–∞–Ω–¥–∏—è.tex
LaTeX2e <2024-11-01> patch level 2
L3 programming layer <2025-01-18>
(d:/Programs/texlive/2024/texmf-dist/tex/latex/base/article.cls
Document Class: article 2024/06/29 v1.4n Standard LaTeX document class
(d:/Programs/texlive/2024/texmf-dist/tex/latex/base/size12.clo
File: size12.clo 2024/06/29 v1.4n Standard LaTeX file (size option)
)
\c@part=\count196
\c@section=\count197
\c@subsection=\count198
\c@subsubsection=\count199
\c@paragraph=\count266
\c@subparagraph=\count267
\c@figure=\count268
\c@table=\count269
\abovecaptionskip=\skip49
\belowcaptionskip=\skip50
\bibindent=\dimen141
)
(d:/Programs/texlive/2024/texmf-dist/tex/latex/base/fontenc.sty
Package: fontenc 2021/04/29 v2.0v Standard LaTeX package

(d:/Programs/texlive/2024/texmf-dist/tex/latex/cyrillic/t2aenc.def
File: t2aenc.def 2023/11/07 v1.0k Cyrillic encoding definition file
Now handling font encoding T2A ...
... processing UTF-8 mapping file for font encoding T2A

(d:/Programs/texlive/2024/texmf-dist/tex/latex/base/t2aenc.dfu
File: t2aenc.dfu 2022/06/07 v1.3c UTF-8 support
   defining Unicode char U+00A4 (decimal 164)
   defining Unicode char U+00A7 (decimal 167)
   defining Unicode char U+00AB (decimal 171)
   defining Unicode char U+00BB (decimal 187)
   defining Unicode char U+0131 (decimal 305)
   defining Unicode char U+0237 (decimal 567)
   defining Unicode char U+0400 (decimal 1024)
   defining Unicode char U+0401 (decimal 1025)
   defining Unicode char U+0402 (decimal 1026)
   defining Unicode char U+0403 (decimal 1027)
   defining Unicode char U+0404 (decimal 1028)
   defining Unicode char U+0405 (decimal 1029)
   defining Unicode char U+0406 (decimal 1030)
   defining Unicode char U+0407 (decimal 1031)
   defining Unicode char U+0408 (decimal 1032)
   defining Unicode char U+0409 (decimal 1033)
   defining Unicode char U+040A (decimal 1034)
   defining Unicode char U+040B (decimal 1035)
   defining Unicode char U+040C (decimal 1036)
   defining Unicode char U+040D (decimal 1037)
   defining Unicode char U+040E (decimal 1038)
   defining Unicode char U+040F (decimal 1039)
   defining Unicode char U+0410 (decimal 1040)
   defining Unicode char U+0411 (decimal 1041)
   defining Unicode char U+0412 (decimal 1042)
   defining Unicode char U+0413 (decimal 1043)
   defining Unicode char U+0414 (decimal 1044)
   defining Unicode char U+0415 (decimal 1045)
   defining Unicode char U+0416 (decimal 1046)
   defining Unicode char U+0417 (decimal 1047)
   defining Unicode char U+0418 (decimal 1048)
   defining Unicode char U+0419 (decimal 1049)
   defining Unicode char U+041A (decimal 1050)
   defining Unicode char U+041B (decimal 1051)
   defining Unicode char U+041C (decimal 1052)
   defining Unicode char U+041D (decimal 1053)
   defining Unicode char U+041E (decimal 1054)
   defining Unicode char U+041F (decimal 1055)
   defining Unicode char U+0420 (decimal 1056)
   defining Unicode char U+0421 (decimal 1057)
   defining Unicode char U+0422 (decimal 1058)
   defining Unicode char U+0423 (decimal 1059)
   defining Unicode char U+0424 (decimal 1060)
   defining Unicode char U+0425 (decimal 1061)
   defining Unicode char U+0426 (decimal 1062)
   defining Unicode char U+0427 (decimal 1063)
   defining Unicode char U+0428 (decimal 1064)
   defining Unicode char U+0429 (decimal 1065)
   defining Unicode char U+042A (decimal 1066)
   defining Unicode char U+042B (decimal 1067)
   defining Unicode char U+042C (decimal 1068)
   defining Unicode char U+042D (decimal 1069)
   defining Unicode char U+042E (decimal 1070)
   defining Unicode char U+042F (decimal 1071)
   defining Unicode char U+0430 (decimal 1072)
   defining Unicode char U+0431 (decimal 1073)
   defining Unicode char U+0432 (decimal 1074)
   defining Unicode char U+0433 (decimal 1075)
   defining Unicode char U+0434 (decimal 1076)
   defining Unicode char U+0435 (decimal 1077)
   defining Unicode char U+0436 (decimal 1078)
   defining Unicode char U+0437 (decimal 1079)
   defining Unicode char U+0438 (decimal 1080)
   defining Unicode char U+0439 (decimal 1081)
   defining Unicode char U+043A (decimal 1082)
   defining Unicode char U+043B (decimal 1083)
   defining Unicode char U+043C (decimal 1084)
   defining Unicode char U+043D (decimal 1085)
   defining Unicode char U+043E (decimal 1086)
   defining Unicode char U+043F (decimal 1087)
   defining Unicode char U+0440 (decimal 1088)
   defining Unicode char U+0441 (decimal 1089)
   defining Unicode char U+0442 (decimal 1090)
   defining Unicode char U+0443 (decimal 1091)
   defining Unicode char U+0444 (decimal 1092)
   defining Unicode char U+0445 (decimal 1093)
   defining Unicode char U+0446 (decimal 1094)
   defining Unicode char U+0447 (decimal 1095)
   defining Unicode char U+0448 (decimal 1096)
   defining Unicode char U+0449 (decimal 1097)
   defining Unicode char U+044A (decimal 1098)
   defining Unicode char U+044B (decimal 1099)
   defining Unicode char U+044C (decimal 1100)
   defining Unicode char U+044D (decimal 1101)
   defining Unicode char U+044E (decimal 1102)
   defining Unicode char U+044F (decimal 1103)
   defining Unicode char U+0450 (decimal 1104)
   defining Unicode char U+0451 (decimal 1105)
   defining Unicode char U+0452 (decimal 1106)
   defining Unicode char U+0453 (decimal 1107)
   defining Unicode char U+0454 (decimal 1108)
   defining Unicode char U+0455 (decimal 1109)
   defining Unicode char U+0456 (decimal 1110)
   defining Unicode char U+0457 (decimal 1111)
   defining Unicode char U+0458 (decimal 1112)
   defining Unicode char U+0459 (decimal 1113)
   defining Unicode char U+045A (decimal 1114)
   defining Unicode char U+045B (decimal 1115)
   defining Unicode char U+045C (decimal 1116)
   defining Unicode char U+045D (decimal 1117)
   defining Unicode char U+045E (decimal 1118)
   defining Unicode char U+045F (decimal 1119)
   defining Unicode char U+0490 (decimal 1168)
   defining Unicode char U+0491 (decimal 1169)
   defining Unicode char U+0492 (decimal 1170)
   defining Unicode char U+0493 (decimal 1171)
   defining Unicode char U+0496 (decimal 1174)
   defining Unicode char U+0497 (decimal 1175)
   defining Unicode char U+0498 (decimal 1176)
   defining Unicode char U+0499 (decimal 1177)
   defining Unicode char U+049A (decimal 1178)
   defining Unicode char U+049B (decimal 1179)
   defining Unicode char U+049C (decimal 1180)
   defining Unicode char U+049D (decimal 1181)
   defining Unicode char U+04A0 (decimal 1184)
   defining Unicode char U+04A1 (decimal 1185)
   defining Unicode char U+04A2 (decimal 1186)
   defining Unicode char U+04A3 (decimal 1187)
   defining Unicode char U+04A4 (decimal 1188)
   defining Unicode char U+04A5 (decimal 1189)
   defining Unicode char U+04AA (decimal 1194)
   defining Unicode char U+04AB (decimal 1195)
   defining Unicode char U+04AE (decimal 1198)
   defining Unicode char U+04AF (decimal 1199)
   defining Unicode char U+04B0 (decimal 1200)
   defining Unicode char U+04B1 (decimal 1201)
   defining Unicode char U+04B2 (decimal 1202)
   defining Unicode char U+04B3 (decimal 1203)
   defining Unicode char U+04B6 (decimal 1206)
   defining Unicode char U+04B7 (decimal 1207)
   defining Unicode char U+04B8 (decimal 1208)
   defining Unicode char U+04B9 (decimal 1209)
   defining Unicode char U+04BA (decimal 1210)
   defining Unicode char U+04BB (decimal 1211)
   defining Unicode char U+04C0 (decimal 1216)
   defining Unicode char U+04C1 (decimal 1217)
   defining Unicode char U+04C2 (decimal 1218)
   defining Unicode char U+04D0 (decimal 1232)
   defining Unicode char U+04D1 (decimal 1233)
   defining Unicode char U+04D2 (decimal 1234)
   defining Unicode char U+04D3 (decimal 1235)
   defining Unicode char U+04D4 (decimal 1236)
   defining Unicode char U+04D5 (decimal 1237)
   defining Unicode char U+04D6 (decimal 1238)
   defining Unicode char U+04D7 (decimal 1239)
   defining Unicode char U+04D8 (decimal 1240)
   defining Unicode char U+04D9 (decimal 1241)
   defining Unicode char U+04DA (decimal 1242)
   defining Unicode char U+04DB (decimal 1243)
   defining Unicode char U+04DC (decimal 1244)
   defining Unicode char U+04DD (decimal 1245)
   defining Unicode char U+04DE (decimal 1246)
   defining Unicode char U+04DF (decimal 1247)
   defining Unicode char U+04E2 (decimal 1250)
   defining Unicode char U+04E3 (decimal 1251)
   defining Unicode char U+04E4 (decimal 1252)
   defining Unicode char U+04E5 (decimal 1253)
   defining Unicode char U+04E6 (decimal 1254)
   defining Unicode char U+04E7 (decimal 1255)
   defining Unicode char U+04E8 (decimal 1256)
   defining Unicode char U+04E9 (decimal 1257)
   defining Unicode char U+04EC (decimal 1260)
   defining Unicode char U+04ED (decimal 1261)
   defining Unicode char U+04EE (decimal 1262)
   defining Unicode char U+04EF (decimal 1263)
   defining Unicode char U+04F0 (decimal 1264)
   defining Unicode char U+04F1 (decimal 1265)
   defining Unicode char U+04F2 (decimal 1266)
   defining Unicode char U+04F3 (decimal 1267)
   defining Unicode char U+04F4 (decimal 1268)
   defining Unicode char U+04F5 (decimal 1269)
   defining Unicode char U+04F8 (decimal 1272)
   defining Unicode char U+04F9 (decimal 1273)
   defining Unicode char U+200C (decimal 8204)
   defining Unicode char U+2013 (decimal 8211)
   defining Unicode char U+2014 (decimal 8212)
   defining Unicode char U+2018 (decimal 8216)
   defining Unicode char U+2019 (decimal 8217)
   defining Unicode char U+201C (decimal 8220)
   defining Unicode char U+201D (decimal 8221)
   defining Unicode char U+201E (decimal 8222)
   defining Unicode char U+2030 (decimal 8240)
   defining Unicode char U+2031 (decimal 8241)
   defining Unicode char U+2116 (decimal 8470)
   defining Unicode char U+2329 (decimal 9001)
   defining Unicode char U+3008 (decimal 12296)
   defining Unicode char U+232A (decimal 9002)
   defining Unicode char U+3009 (decimal 12297)
   defining Unicode char U+2423 (decimal 9251)
   defining Unicode char U+27E8 (decimal 10216)
   defining Unicode char U+27E9 (decimal 10217)
   defining Unicode char U+FB00 (decimal 64256)
   defining Unicode char U+FB01 (decimal 64257)
   defining Unicode char U+FB02 (decimal 64258)
   defining Unicode char U+FB03 (decimal 64259)
   defining Unicode char U+FB04 (decimal 64260)
   defining Unicode char U+FB05 (decimal 64261)
   defining Unicode char U+FB06 (decimal 64262)
))
LaTeX Font Info:    Trying to load font information for T2A+cmr on input line 1
16.

(d:/Programs/texlive/2024/texmf-dist/tex/latex/cyrillic/t2acmr.fd
File: t2acmr.fd 2001/08/11 v1.0a Computer Modern Cyrillic font definitions
))
(d:/Programs/texlive/2024/texmf-dist/tex/latex/base/inputenc.sty
Package: inputenc 2024/02/08 v1.3d Input encoding file
\inpenc@prehook=\toks17
\inpenc@posthook=\toks18
)
(d:/Programs/texlive/2024/texmf-dist/tex/generic/babel/babel.sty
Package: babel 2025/02/02 v25.3 The multilingual framework for pdfLaTeX, LuaLaT
eX and XeLaTeX
\babel@savecnt=\count270
\U@D=\dimen142
\l@unhyphenated=\language90

(d:/Programs/texlive/2024/texmf-dist/tex/generic/babel/txtbabel.def)
\bbl@readstream=\read2
\bbl@dirlevel=\count271

(d:/Programs/texlive/2024/texmf-dist/tex/generic/babel-russian/russianb.ldf
File: russianb.ldf 2021/01/10 1.3m Russian support for the Babel system
Language: russian 2020/09/09 1.3k Russian support for the Babel system
Package babel Info: Making " an active character on input line 124.
Package babel Info: Default for \cyrdash is provided on input line 163.
))
(d:/Programs/texlive/2024/texmf-dist/tex/generic/babel/locale/ru/babel-russian.
tex
Package babel Info: Importing font and identification data for russian
(babel)             from babel-ru.ini. Reported on input line 11.
) (d:/Programs/texlive/2024/texmf-dist/tex/latex/graphics/graphicx.sty
Package: graphicx 2021/09/16 v1.2d Enhanced LaTeX Graphics (DPC,SPQR)

(d:/Programs/texlive/2024/texmf-dist/tex/latex/graphics/keyval.sty
Package: keyval 2022/05/29 v1.15 key=value parser (DPC)
\KV@toks@=\toks19
)
(d:/Programs/texlive/2024/texmf-dist/tex/latex/graphics/graphics.sty
Package: graphics 2024/08/06 v1.4g Standard LaTeX Graphics (DPC,SPQR)

(d:/Programs/texlive/2024/texmf-dist/tex/latex/graphics/trig.sty
Package: trig 2023/12/02 v1.11 sin cos tan (DPC)
)
(d:/Programs/texlive/2024/texmf-dist/tex/latex/graphics-cfg/graphics.cfg
File: graphics.cfg 2016/06/04 v1.11 sample graphics configuration
)
Package graphics Info: Driver file: pdftex.def on input line 106.

(d:/Programs/texlive/2024/texmf-dist/tex/latex/graphics-def/pdftex.def
File: pdftex.def 2024/04/13 v1.2c Graphics/color driver for pdftex
))
\Gin@req@height=\dimen143
\Gin@req@width=\dimen144
)
(d:/Programs/texlive/2024/texmf-dist/tex/latex/amsmath/amsmath.sty
Package: amsmath 2024/11/05 v2.17t AMS math features
\@mathmargin=\skip51

For additional information on amsmath, use the `?' option.
(d:/Programs/texlive/2024/texmf-dist/tex/latex/amsmath/amstext.sty
Package: amstext 2021/08/26 v2.01 AMS text

(d:/Programs/texlive/2024/texmf-dist/tex/latex/amsmath/amsgen.sty
File: amsgen.sty 1999/11/30 v2.0 generic functions
\@emptytoks=\toks20
\ex@=\dimen145
))
(d:/Programs/texlive/2024/texmf-dist/tex/latex/amsmath/amsbsy.sty
Package: amsbsy 1999/11/29 v1.2d Bold Symbols
\pmbraise@=\dimen146
)
(d:/Programs/texlive/2024/texmf-dist/tex/latex/amsmath/amsopn.sty
Package: amsopn 2022/04/08 v2.04 operator names
)
\inf@bad=\count272
LaTeX Info: Redefining \frac on input line 233.
\uproot@=\count273
\leftroot@=\count274
LaTeX Info: Redefining \overline on input line 398.
LaTeX Info: Redefining \colon on input line 409.
\classnum@=\count275
\DOTSCASE@=\count276
LaTeX Info: Redefining \ldots on input line 495.
LaTeX Info: Redefining \dots on input line 498.
LaTeX Info: Redefining \cdots on input line 619.
\Mathstrutbox@=\box52
\strutbox@=\box53
LaTeX Info: Redefining \big on input line 721.
LaTeX Info: Redefining \Big on input line 722.
LaTeX Info: Redefining \bigg on input line 723.
LaTeX Info: Redefining \Bigg on input line 724.
\big@size=\dimen147
LaTeX Font Info:    Redeclaring font encoding OML on input line 742.
LaTeX Font Info:    Redeclaring font encoding OMS on input line 743.
\macc@depth=\count277
LaTeX Info: Redefining \bmod on input line 904.
LaTeX Info: Redefining \pmod on input line 909.
LaTeX Info: Redefining \smash on input line 939.
LaTeX Info: Redefining \relbar on input line 969.
LaTeX Info: Redefining \Relbar on input line 970.
\c@MaxMatrixCols=\count278
\dotsspace@=\muskip17
\c@parentequation=\count279
\dspbrk@lvl=\count280
\tag@help=\toks21
\row@=\count281
\column@=\count282
\maxfields@=\count283
\andhelp@=\toks22
\eqnshift@=\dimen148
\alignsep@=\dimen149
\tagshift@=\dimen150
\tagwidth@=\dimen151
\totwidth@=\dimen152
\lineht@=\dimen153
\@envbody=\toks23
\multlinegap=\skip52
\multlinetaggap=\skip53
\mathdisplay@stack=\toks24
LaTeX Info: Redefining \[ on input line 2953.
LaTeX Info: Redefining \] on input line 2954.
)
(d:/Programs/texlive/2024/texmf-dist/tex/latex/amsfonts/amssymb.sty
Package: amssymb 2013/01/14 v3.01 AMS font symbols

(d:/Programs/texlive/2024/texmf-dist/tex/latex/amsfonts/amsfonts.sty
Package: amsfonts 2013/01/14 v3.01 Basic AMSFonts support
\symAMSa=\mathgroup4
\symAMSb=\mathgroup5
LaTeX Font Info:    Redeclaring math symbol \hbar on input line 98.
LaTeX Font Info:    Overwriting math alphabet `\mathfrak' in version `bold'
(Font)                  U/euf/m/n --> U/euf/b/n on input line 106.
))
(d:/Programs/texlive/2024/texmf-dist/tex/latex/geometry/geometry.sty
Package: geometry 2020/01/02 v5.9 Page Geometry

(d:/Programs/texlive/2024/texmf-dist/tex/generic/iftex/ifvtex.sty
Package: ifvtex 2019/10/25 v1.7 ifvtex legacy package. Use iftex instead.

(d:/Programs/texlive/2024/texmf-dist/tex/generic/iftex/iftex.sty
Package: iftex 2024/12/12 v1.0g TeX engine tests
))
\Gm@cnth=\count284
\Gm@cntv=\count285
\c@Gm@tempcnt=\count286
\Gm@bindingoffset=\dimen154
\Gm@wd@mp=\dimen155
\Gm@odd@mp=\dimen156
\Gm@even@mp=\dimen157
\Gm@layoutwidth=\dimen158
\Gm@layoutheight=\dimen159
\Gm@layouthoffset=\dimen160
\Gm@layoutvoffset=\dimen161
\Gm@dimlist=\toks25
)
(d:/Programs/texlive/2024/texmf-dist/tex/latex/listings/listings.sty
\lst@mode=\count287
\lst@gtempboxa=\box54
\lst@token=\toks26
\lst@length=\count288
\lst@currlwidth=\dimen162
\lst@column=\count289
\lst@pos=\count290
\lst@lostspace=\dimen163
\lst@width=\dimen164
\lst@newlines=\count291
\lst@lineno=\count292
\lst@maxwidth=\dimen165

(d:/Programs/texlive/2024/texmf-dist/tex/latex/listings/lstpatch.sty
File: lstpatch.sty 2024/09/23 1.10c (Carsten Heinz)
)
(d:/Programs/texlive/2024/texmf-dist/tex/latex/listings/lstmisc.sty
File: lstmisc.sty 2024/09/23 1.10c (Carsten Heinz)
\c@lstnumber=\count293
\lst@skipnumbers=\count294
\lst@framebox=\box55
)
(d:/Programs/texlive/2024/texmf-dist/tex/latex/listings/listings.cfg
File: listings.cfg 2024/09/23 1.10c listings configuration
))
Package: listings 2024/09/23 1.10c (Carsten Heinz)

(d:/Programs/texlive/2024/texmf-dist/tex/latex/pgf/frontendlayer/tikz.sty
(d:/Programs/texlive/2024/texmf-dist/tex/latex/pgf/basiclayer/pgf.sty
(d:/Programs/texlive/2024/texmf-dist/tex/latex/pgf/utilities/pgfrcs.sty
(d:/Programs/texlive/2024/texmf-dist/tex/generic/pgf/utilities/pgfutil-common.t
ex
\pgfutil@everybye=\toks27
\pgfutil@tempdima=\dimen166
\pgfutil@tempdimb=\dimen167
)
(d:/Programs/texlive/2024/texmf-dist/tex/generic/pgf/utilities/pgfutil-latex.de
f
\pgfutil@abb=\box56
)
(d:/Programs/texlive/2024/texmf-dist/tex/generic/pgf/utilities/pgfrcs.code.tex
(d:/Programs/texlive/2024/texmf-dist/tex/generic/pgf/pgf.revision.tex)
Package: pgfrcs 2023-01-15 v3.1.10 (3.1.10)
))
Package: pgf 2023-01-15 v3.1.10 (3.1.10)

(d:/Programs/texlive/2024/texmf-dist/tex/latex/pgf/basiclayer/pgfcore.sty
(d:/Programs/texlive/2024/texmf-dist/tex/latex/pgf/systemlayer/pgfsys.sty
(d:/Programs/texlive/2024/texmf-dist/tex/generic/pgf/systemlayer/pgfsys.code.te
x
Package: pgfsys 2023-01-15 v3.1.10 (3.1.10)

(d:/Programs/texlive/2024/texmf-dist/tex/generic/pgf/utilities/pgfkeys.code.tex
\pgfkeys@pathtoks=\toks28
\pgfkeys@temptoks=\toks29

(d:/Programs/texlive/2024/texmf-dist/tex/generic/pgf/utilities/pgfkeyslibraryfi
ltered.code.tex
\pgfkeys@tmptoks=\toks30
))
\pgf@x=\dimen168
\pgf@y=\dimen169
\pgf@xa=\dimen170
\pgf@ya=\dimen171
\pgf@xb=\dimen172
\pgf@yb=\dimen173
\pgf@xc=\dimen174
\pgf@yc=\dimen175
\pgf@xd=\dimen176
\pgf@yd=\dimen177
\w@pgf@writea=\write3
\r@pgf@reada=\read3
\c@pgf@counta=\count295
\c@pgf@countb=\count296
\c@pgf@countc=\count297
\c@pgf@countd=\count298
\t@pgf@toka=\toks31
\t@pgf@tokb=\toks32
\t@pgf@tokc=\toks33
\pgf@sys@id@count=\count299

(d:/Programs/texlive/2024/texmf-dist/tex/generic/pgf/systemlayer/pgf.cfg
File: pgf.cfg 2023-01-15 v3.1.10 (3.1.10)
)
Driver file for pgf: pgfsys-pdftex.def

(d:/Programs/texlive/2024/texmf-dist/tex/generic/pgf/systemlayer/pgfsys-pdftex.
def
File: pgfsys-pdftex.def 2023-01-15 v3.1.10 (3.1.10)

(d:/Programs/texlive/2024/texmf-dist/tex/generic/pgf/systemlayer/pgfsys-common-
pdf.def
File: pgfsys-common-pdf.def 2023-01-15 v3.1.10 (3.1.10)
)))
(d:/Programs/texlive/2024/texmf-dist/tex/generic/pgf/systemlayer/pgfsyssoftpath
.code.tex
File: pgfsyssoftpath.code.tex 2023-01-15 v3.1.10 (3.1.10)
\pgfsyssoftpath@smallbuffer@items=\count300
\pgfsyssoftpath@bigbuffer@items=\count301
)
(d:/Programs/texlive/2024/texmf-dist/tex/generic/pgf/systemlayer/pgfsysprotocol
.code.tex
File: pgfsysprotocol.code.tex 2023-01-15 v3.1.10 (3.1.10)
)) (d:/Programs/texlive/2024/texmf-dist/tex/latex/xcolor/xcolor.sty
Package: xcolor 2024/09/29 v3.02 LaTeX color extensions (UK)

(d:/Programs/texlive/2024/texmf-dist/tex/latex/graphics-cfg/color.cfg
File: color.cfg 2016/01/02 v1.6 sample color configuration
)
Package xcolor Info: Driver file: pdftex.def on input line 274.

(d:/Programs/texlive/2024/texmf-dist/tex/latex/graphics/mathcolor.ltx)
Package xcolor Info: Model `cmy' substituted by `cmy0' on input line 1349.
Package xcolor Info: Model `hsb' substituted by `rgb' on input line 1353.
Package xcolor Info: Model `RGB' extended on input line 1365.
Package xcolor Info: Model `HTML' substituted by `rgb' on input line 1367.
Package xcolor Info: Model `Hsb' substituted by `hsb' on input line 1368.
Package xcolor Info: Model `tHsb' substituted by `hsb' on input line 1369.
Package xcolor Info: Model `HSB' substituted by `hsb' on input line 1370.
Package xcolor Info: Model `Gray' substituted by `gray' on input line 1371.
Package xcolor Info: Model `wave' substituted by `hsb' on input line 1372.
)
(d:/Programs/texlive/2024/texmf-dist/tex/generic/pgf/basiclayer/pgfcore.code.te
x
Package: pgfcore 2023-01-15 v3.1.10 (3.1.10)
 (d:/Programs/texlive/2024/texmf-dist/tex/generic/pgf/math/pgfmath.code.tex
(d:/Programs/texlive/2024/texmf-dist/tex/generic/pgf/math/pgfmathutil.code.tex)

(d:/Programs/texlive/2024/texmf-dist/tex/generic/pgf/math/pgfmathparser.code.te
x
\pgfmath@dimen=\dimen178
\pgfmath@count=\count302
\pgfmath@box=\box57
\pgfmath@toks=\toks34
\pgfmath@stack@operand=\toks35
\pgfmath@stack@operation=\toks36
)
(d:/Programs/texlive/2024/texmf-dist/tex/generic/pgf/math/pgfmathfunctions.code
.tex)
(d:/Programs/texlive/2024/texmf-dist/tex/generic/pgf/math/pgfmathfunctions.basi
c.code.tex)
(d:/Programs/texlive/2024/texmf-dist/tex/generic/pgf/math/pgfmathfunctions.trig
onometric.code.tex)
(d:/Programs/texlive/2024/texmf-dist/tex/generic/pgf/math/pgfmathfunctions.rand
om.code.tex)
(d:/Programs/texlive/2024/texmf-dist/tex/generic/pgf/math/pgfmathfunctions.comp
arison.code.tex)
(d:/Programs/texlive/2024/texmf-dist/tex/generic/pgf/math/pgfmathfunctions.base
.code.tex)
(d:/Programs/texlive/2024/texmf-dist/tex/generic/pgf/math/pgfmathfunctions.roun
d.code.tex)
(d:/Programs/texlive/2024/texmf-dist/tex/generic/pgf/math/pgfmathfunctions.misc
.code.tex)
(d:/Programs/texlive/2024/texmf-dist/tex/generic/pgf/math/pgfmathfunctions.inte
gerarithmetics.code.tex)
(d:/Programs/texlive/2024/texmf-dist/tex/generic/pgf/math/pgfmathcalc.code.tex)

(d:/Programs/texlive/2024/texmf-dist/tex/generic/pgf/math/pgfmathfloat.code.tex
\c@pgfmathroundto@lastzeros=\count303
)) (d:/Programs/texlive/2024/texmf-dist/tex/generic/pgf/math/pgfint.code.tex)
(d:/Programs/texlive/2024/texmf-dist/tex/generic/pgf/basiclayer/pgfcorepoints.c
ode.tex
File: pgfcorepoints.code.tex 2023-01-15 v3.1.10 (3.1.10)
\pgf@picminx=\dimen179
\pgf@picmaxx=\dimen180
\pgf@picminy=\dimen181
\pgf@picmaxy=\dimen182
\pgf@pathminx=\dimen183
\pgf@pathmaxx=\dimen184
\pgf@pathminy=\dimen185
\pgf@pathmaxy=\dimen186
\pgf@xx=\dimen187
\pgf@xy=\dimen188
\pgf@yx=\dimen189
\pgf@yy=\dimen190
\pgf@zx=\dimen191
\pgf@zy=\dimen192
)
(d:/Programs/texlive/2024/texmf-dist/tex/generic/pgf/basiclayer/pgfcorepathcons
truct.code.tex
File: pgfcorepathconstruct.code.tex 2023-01-15 v3.1.10 (3.1.10)
\pgf@path@lastx=\dimen193
\pgf@path@lasty=\dimen194
)
(d:/Programs/texlive/2024/texmf-dist/tex/generic/pgf/basiclayer/pgfcorepathusag
e.code.tex
File: pgfcorepathusage.code.tex 2023-01-15 v3.1.10 (3.1.10)
\pgf@shorten@end@additional=\dimen195
\pgf@shorten@start@additional=\dimen196
)
(d:/Programs/texlive/2024/texmf-dist/tex/generic/pgf/basiclayer/pgfcorescopes.c
ode.tex
File: pgfcorescopes.code.tex 2023-01-15 v3.1.10 (3.1.10)
\pgfpic=\box58
\pgf@hbox=\box59
\pgf@layerbox@main=\box60
\pgf@picture@serial@count=\count304
)
(d:/Programs/texlive/2024/texmf-dist/tex/generic/pgf/basiclayer/pgfcoregraphics
tate.code.tex
File: pgfcoregraphicstate.code.tex 2023-01-15 v3.1.10 (3.1.10)
\pgflinewidth=\dimen197
)
(d:/Programs/texlive/2024/texmf-dist/tex/generic/pgf/basiclayer/pgfcoretransfor
mations.code.tex
File: pgfcoretransformations.code.tex 2023-01-15 v3.1.10 (3.1.10)
\pgf@pt@x=\dimen198
\pgf@pt@y=\dimen199
\pgf@pt@temp=\dimen256
)
(d:/Programs/texlive/2024/texmf-dist/tex/generic/pgf/basiclayer/pgfcorequick.co
de.tex
File: pgfcorequick.code.tex 2023-01-15 v3.1.10 (3.1.10)
)
(d:/Programs/texlive/2024/texmf-dist/tex/generic/pgf/basiclayer/pgfcoreobjects.
code.tex
File: pgfcoreobjects.code.tex 2023-01-15 v3.1.10 (3.1.10)
)
(d:/Programs/texlive/2024/texmf-dist/tex/generic/pgf/basiclayer/pgfcorepathproc
essing.code.tex
File: pgfcorepathprocessing.code.tex 2023-01-15 v3.1.10 (3.1.10)
)
(d:/Programs/texlive/2024/texmf-dist/tex/generic/pgf/basiclayer/pgfcorearrows.c
ode.tex
File: pgfcorearrows.code.tex 2023-01-15 v3.1.10 (3.1.10)
\pgfarrowsep=\dimen257
)
(d:/Programs/texlive/2024/texmf-dist/tex/generic/pgf/basiclayer/pgfcoreshade.co
de.tex
File: pgfcoreshade.code.tex 2023-01-15 v3.1.10 (3.1.10)
\pgf@max=\dimen258
\pgf@sys@shading@range@num=\count305
\pgf@shadingcount=\count306
)
(d:/Programs/texlive/2024/texmf-dist/tex/generic/pgf/basiclayer/pgfcoreimage.co
de.tex
File: pgfcoreimage.code.tex 2023-01-15 v3.1.10 (3.1.10)
)
(d:/Programs/texlive/2024/texmf-dist/tex/generic/pgf/basiclayer/pgfcoreexternal
.code.tex
File: pgfcoreexternal.code.tex 2023-01-15 v3.1.10 (3.1.10)
\pgfexternal@startupbox=\box61
)
(d:/Programs/texlive/2024/texmf-dist/tex/generic/pgf/basiclayer/pgfcorelayers.c
ode.tex
File: pgfcorelayers.code.tex 2023-01-15 v3.1.10 (3.1.10)
)
(d:/Programs/texlive/2024/texmf-dist/tex/generic/pgf/basiclayer/pgfcoretranspar
ency.code.tex
File: pgfcoretransparency.code.tex 2023-01-15 v3.1.10 (3.1.10)
)
(d:/Programs/texlive/2024/texmf-dist/tex/generic/pgf/basiclayer/pgfcorepatterns
.code.tex
File: pgfcorepatterns.code.tex 2023-01-15 v3.1.10 (3.1.10)
)
(d:/Programs/texlive/2024/texmf-dist/tex/generic/pgf/basiclayer/pgfcorerdf.code
.tex
File: pgfcorerdf.code.tex 2023-01-15 v3.1.10 (3.1.10)
)))
(d:/Programs/texlive/2024/texmf-dist/tex/generic/pgf/modules/pgfmoduleshapes.co
de.tex
File: pgfmoduleshapes.code.tex 2023-01-15 v3.1.10 (3.1.10)
\pgfnodeparttextbox=\box62
)
(d:/Programs/texlive/2024/texmf-dist/tex/generic/pgf/modules/pgfmoduleplot.code
.tex
File: pgfmoduleplot.code.tex 2023-01-15 v3.1.10 (3.1.10)
)
(d:/Programs/texlive/2024/texmf-dist/tex/latex/pgf/compatibility/pgfcomp-versio
n-0-65.sty
Package: pgfcomp-version-0-65 2023-01-15 v3.1.10 (3.1.10)
\pgf@nodesepstart=\dimen259
\pgf@nodesepend=\dimen260
)
(d:/Programs/texlive/2024/texmf-dist/tex/latex/pgf/compatibility/pgfcomp-versio
n-1-18.sty
Package: pgfcomp-version-1-18 2023-01-15 v3.1.10 (3.1.10)
))
(d:/Programs/texlive/2024/texmf-dist/tex/latex/pgf/utilities/pgffor.sty
(d:/Programs/texlive/2024/texmf-dist/tex/latex/pgf/utilities/pgfkeys.sty
(d:/Programs/texlive/2024/texmf-dist/tex/generic/pgf/utilities/pgfkeys.code.tex
)) (d:/Programs/texlive/2024/texmf-dist/tex/latex/pgf/math/pgfmath.sty
(d:/Programs/texlive/2024/texmf-dist/tex/generic/pgf/math/pgfmath.code.tex))
(d:/Programs/texlive/2024/texmf-dist/tex/generic/pgf/utilities/pgffor.code.tex
Package: pgffor 2023-01-15 v3.1.10 (3.1.10)
\pgffor@iter=\dimen261
\pgffor@skip=\dimen262
\pgffor@stack=\toks37
\pgffor@toks=\toks38
))
(d:/Programs/texlive/2024/texmf-dist/tex/generic/pgf/frontendlayer/tikz/tikz.co
de.tex
Package: tikz 2023-01-15 v3.1.10 (3.1.10)

(d:/Programs/texlive/2024/texmf-dist/tex/generic/pgf/libraries/pgflibraryplotha
ndlers.code.tex
File: pgflibraryplothandlers.code.tex 2023-01-15 v3.1.10 (3.1.10)
\pgf@plot@mark@count=\count307
\pgfplotmarksize=\dimen263
)
\tikz@lastx=\dimen264
\tikz@lasty=\dimen265
\tikz@lastxsaved=\dimen266
\tikz@lastysaved=\dimen267
\tikz@lastmovetox=\dimen268
\tikz@lastmovetoy=\dimen269
\tikzleveldistance=\dimen270
\tikzsiblingdistance=\dimen271
\tikz@figbox=\box63
\tikz@figbox@bg=\box64
\tikz@tempbox=\box65
\tikz@tempbox@bg=\box66
\tikztreelevel=\count308
\tikznumberofchildren=\count309
\tikznumberofcurrentchild=\count310
\tikz@fig@count=\count311

(d:/Programs/texlive/2024/texmf-dist/tex/generic/pgf/modules/pgfmodulematrix.co
de.tex
File: pgfmodulematrix.code.tex 2023-01-15 v3.1.10 (3.1.10)
\pgfmatrixcurrentrow=\count312
\pgfmatrixcurrentcolumn=\count313
\pgf@matrix@numberofcolumns=\count314
)
\tikz@expandcount=\count315

(d:/Programs/texlive/2024/texmf-dist/tex/generic/pgf/frontendlayer/tikz/librari
es/tikzlibrarytopaths.code.tex
File: tikzlibrarytopaths.code.tex 2023-01-15 v3.1.10 (3.1.10)
)))
(d:/Programs/texlive/2024/texmf-dist/tex/latex/hyperref/hyperref.sty
Package: hyperref 2024-11-05 v7.01l Hypertext links for LaTeX

(d:/Programs/texlive/2024/texmf-dist/tex/latex/kvsetkeys/kvsetkeys.sty
Package: kvsetkeys 2022-10-05 v1.19 Key value parser (HO)
)
(d:/Programs/texlive/2024/texmf-dist/tex/generic/kvdefinekeys/kvdefinekeys.sty
Package: kvdefinekeys 2019-12-19 v1.6 Define keys (HO)
) (d:/Programs/texlive/2024/texmf-dist/tex/generic/pdfescape/pdfescape.sty
Package: pdfescape 2019/12/09 v1.15 Implements pdfTeX's escape features (HO)

(d:/Programs/texlive/2024/texmf-dist/tex/generic/ltxcmds/ltxcmds.sty
Package: ltxcmds 2023-12-04 v1.26 LaTeX kernel commands for general use (HO)
)
(d:/Programs/texlive/2024/texmf-dist/tex/generic/pdftexcmds/pdftexcmds.sty
Package: pdftexcmds 2020-06-27 v0.33 Utility functions of pdfTeX for LuaTeX (HO
)

(d:/Programs/texlive/2024/texmf-dist/tex/generic/infwarerr/infwarerr.sty
Package: infwarerr 2019/12/03 v1.5 Providing info/warning/error messages (HO)
)
Package pdftexcmds Info: \pdf@primitive is available.
Package pdftexcmds Info: \pdf@ifprimitive is available.
Package pdftexcmds Info: \pdfdraftmode found.
))
(d:/Programs/texlive/2024/texmf-dist/tex/latex/hycolor/hycolor.sty
Package: hycolor 2020-01-27 v1.10 Color options for hyperref/bookmark (HO)
)
(d:/Programs/texlive/2024/texmf-dist/tex/latex/hyperref/nameref.sty
Package: nameref 2023-11-26 v2.56 Cross-referencing by name of section

(d:/Programs/texlive/2024/texmf-dist/tex/latex/refcount/refcount.sty
Package: refcount 2019/12/15 v3.6 Data extraction from label references (HO)
)
(d:/Programs/texlive/2024/texmf-dist/tex/generic/gettitlestring/gettitlestring.
sty
Package: gettitlestring 2019/12/15 v1.6 Cleanup title references (HO)
 (d:/Programs/texlive/2024/texmf-dist/tex/latex/kvoptions/kvoptions.sty
Package: kvoptions 2022-06-15 v3.15 Key value format for package options (HO)
))
\c@section@level=\count316
)
(d:/Programs/texlive/2024/texmf-dist/tex/latex/etoolbox/etoolbox.sty
Package: etoolbox 2020/10/05 v2.5k e-TeX tools for LaTeX (JAW)
\etb@tempcnta=\count317
)
(d:/Programs/texlive/2024/texmf-dist/tex/generic/stringenc/stringenc.sty
Package: stringenc 2019/11/29 v1.12 Convert strings between diff. encodings (HO
)
)
\@linkdim=\dimen272
\Hy@linkcounter=\count318
\Hy@pagecounter=\count319

(d:/Programs/texlive/2024/texmf-dist/tex/latex/hyperref/pd1enc.def
File: pd1enc.def 2024-11-05 v7.01l Hyperref: PDFDocEncoding definition (HO)
Now handling font encoding PD1 ...
... no UTF-8 mapping file for font encoding PD1
)
(d:/Programs/texlive/2024/texmf-dist/tex/generic/intcalc/intcalc.sty
Package: intcalc 2019/12/15 v1.3 Expandable calculations with integers (HO)
)
\Hy@SavedSpaceFactor=\count320

(d:/Programs/texlive/2024/texmf-dist/tex/latex/hyperref/puenc.def
File: puenc.def 2024-11-05 v7.01l Hyperref: PDF Unicode definition (HO)
Now handling font encoding PU ...
... no UTF-8 mapping file for font encoding PU
)
Package hyperref Info: Option `unicode' set `true' on input line 3143.
Package hyperref Info: Hyper figures OFF on input line 4157.
Package hyperref Info: Link nesting OFF on input line 4162.
Package hyperref Info: Hyper index ON on input line 4165.
Package hyperref Info: Plain pages OFF on input line 4172.
Package hyperref Info: Backreferencing OFF on input line 4177.
Package hyperref Info: Implicit mode ON; LaTeX internals redefined.
Package hyperref Info: Bookmarks ON on input line 4424.
\c@Hy@tempcnt=\count321

(d:/Programs/texlive/2024/texmf-dist/tex/latex/url/url.sty
\Urlmuskip=\muskip18
Package: url 2013/09/16  ver 3.4  Verb mode for urls, etc.
)
LaTeX Info: Redefining \url on input line 4763.
\XeTeXLinkMargin=\dimen273

(d:/Programs/texlive/2024/texmf-dist/tex/generic/bitset/bitset.sty
Package: bitset 2019/12/09 v1.3 Handle bit-vector datatype (HO)

(d:/Programs/texlive/2024/texmf-dist/tex/generic/bigintcalc/bigintcalc.sty
Package: bigintcalc 2019/12/15 v1.5 Expandable calculations on big integers (HO
)
))
\Fld@menulength=\count322
\Field@Width=\dimen274
\Fld@charsize=\dimen275
Package hyperref Info: Hyper figures OFF on input line 6042.
Package hyperref Info: Link nesting OFF on input line 6047.
Package hyperref Info: Hyper index ON on input line 6050.
Package hyperref Info: backreferencing OFF on input line 6057.
Package hyperref Info: Link coloring OFF on input line 6062.
Package hyperref Info: Link coloring with OCG OFF on input line 6067.
Package hyperref Info: PDF/A mode OFF on input line 6072.

(d:/Programs/texlive/2024/texmf-dist/tex/latex/base/atbegshi-ltx.sty
Package: atbegshi-ltx 2021/01/10 v1.0c Emulation of the original atbegshi
package with kernel methods
)
\Hy@abspage=\count323
\c@Item=\count324
\c@Hfootnote=\count325
)
Package hyperref Info: Driver (autodetected): hpdftex.

(d:/Programs/texlive/2024/texmf-dist/tex/latex/hyperref/hpdftex.def
File: hpdftex.def 2024-11-05 v7.01l Hyperref driver for pdfTeX

(d:/Programs/texlive/2024/texmf-dist/tex/latex/base/atveryend-ltx.sty
Package: atveryend-ltx 2020/08/19 v1.0a Emulation of the original atveryend pac
kage
with kernel methods
)
\Fld@listcount=\count326
\c@bookmark@seq@number=\count327

(d:/Programs/texlive/2024/texmf-dist/tex/latex/rerunfilecheck/rerunfilecheck.st
y
Package: rerunfilecheck 2022-07-10 v1.10 Rerun checks for auxiliary files (HO)

(d:/Programs/texlive/2024/texmf-dist/tex/generic/uniquecounter/uniquecounter.st
y
Package: uniquecounter 2019/12/15 v1.4 Provide unlimited unique counter (HO)
)
Package uniquecounter Info: New unique counter `rerunfilecheck' on input line 2
85.
)
\Hy@SectionHShift=\skip54
)
(d:/Programs/texlive/2024/texmf-dist/tex/generic/pgf/frontendlayer/tikz/librari
es/tikzlibrarypositioning.code.tex
File: tikzlibrarypositioning.code.tex 2023-01-15 v3.1.10 (3.1.10)
)
(d:/Programs/texlive/2024/texmf-dist/tex/latex/l3backend/l3backend-pdftex.def
File: l3backend-pdftex.def 2024-05-08 L3 backend support: PDF output (pdfTeX)
\l__color_backend_stack_int=\count328
\l__pdf_internal_box=\box67
)
(D:/Projects/subd/project/docs/pdf/–õ–∞–ø-–õ–∞–Ω–¥–∏—è.aux)
\openout1 = `–õ–∞–ø-–õ–∞–Ω–¥–∏—è.aux'.

LaTeX Font Info:    Checking defaults for OML/cmm/m/it on input line 23.
LaTeX Font Info:    ... okay on input line 23.
LaTeX Font Info:    Checking defaults for OMS/cmsy/m/n on input line 23.
LaTeX Font Info:    ... okay on input line 23.
LaTeX Font Info:    Checking defaults for OT1/cmr/m/n on input line 23.
LaTeX Font Info:    ... okay on input line 23.
LaTeX Font Info:    Checking defaults for T1/cmr/m/n on input line 23.
LaTeX Font Info:    ... okay on input line 23.
LaTeX Font Info:    Checking defaults for TS1/cmr/m/n on input line 23.
LaTeX Font Info:    ... okay on input line 23.
LaTeX Font Info:    Checking defaults for OMX/cmex/m/n on input line 23.
LaTeX Font Info:    ... okay on input line 23.
LaTeX Font Info:    Checking defaults for U/cmr/m/n on input line 23.
LaTeX Font Info:    ... okay on input line 23.
LaTeX Font Info:    Checking defaults for T2A/cmr/m/n on input line 23.
LaTeX Font Info:    ... okay on input line 23.
LaTeX Font Info:    Checking defaults for PD1/pdf/m/n on input line 23.
LaTeX Font Info:    ... okay on input line 23.
LaTeX Font Info:    Checking defaults for PU/pdf/m/n on input line 23.
LaTeX Font Info:    ... okay on input line 23.
LaTeX Info: Redefining \th on input line 23.

(d:/Programs/texlive/2024/texmf-dist/tex/context/base/mkii/supp-pdf.mkii
[Loading MPS to PDF converter (version 2006.09.02).]
\scratchcounter=\count329
\scratchdimen=\dimen276
\scratchbox=\box68
\nofMPsegments=\count330
\nofMParguments=\count331
\everyMPshowfont=\toks39
\MPscratchCnt=\count332
\MPscratchDim=\dimen277
\MPnumerator=\count333
\makeMPintoPDFobject=\count334
\everyMPtoPDFconversion=\toks40
) (d:/Programs/texlive/2024/texmf-dist/tex/latex/epstopdf-pkg/epstopdf-base.sty
Package: epstopdf-base 2020-01-24 v2.11 Base part for package epstopdf
Package epstopdf-base Info: Redefining graphics rule for `.eps' on input line 4
85.
(d:/Programs/texlive/2024/texmf-dist/tex/latex/latexconfig/epstopdf-sys.cfg
File: epstopdf-sys.cfg 2010/07/13 v1.3 Configuration of (r)epstopdf for TeX Liv
e
))
*geometry* driver: auto-detecting
*geometry* detected driver: pdftex
*geometry* verbose mode - [ preamble ] result:
* driver: pdftex
* paper: a4paper
* layout: <same size as paper>
* layoutoffset:(h,v)=(0.0pt,0.0pt)
* modes: 
* h-part:(L,W,R)=(56.9055pt, 483.69687pt, 56.9055pt)
* v-part:(T,H,B)=(56.9055pt, 731.23584pt, 56.9055pt)
* \paperwidth=597.50787pt
* \paperheight=845.04684pt
* \textwidth=483.69687pt
* \textheight=731.23584pt
* \oddsidemargin=-15.36449pt
* \evensidemargin=-15.36449pt
* \topmargin=-52.36449pt
* \headheight=12.0pt
* \headsep=25.0pt
* \topskip=12.0pt
* \footskip=30.0pt
* \marginparwidth=35.0pt
* \marginparsep=10.0pt
* \columnsep=10.0pt
* \skip\footins=10.8pt plus 4.0pt minus 2.0pt
* \hoffset=0.0pt
* \voffset=0.0pt
* \mag=1000
* \@twocolumnfalse
* \@twosidefalse
* \@mparswitchfalse
* \@reversemarginfalse
* (1in=72.27pt=25.4mm, 1cm=28.453pt)

\c@lstlisting=\count335
Package hyperref Info: Link coloring OFF on input line 23.
(D:/Projects/subd/project/docs/pdf/–õ–∞–ø-–õ–∞–Ω–¥–∏—è.out)
(D:/Projects/subd/project/docs/pdf/–õ–∞–ø-–õ–∞–Ω–¥–∏—è.out)
\@outlinefile=\write4
\openout4 = `–õ–∞–ø-–õ–∞–Ω–¥–∏—è.out'.

LaTeX Font Info:    Trying to load font information for U+msa on input line 26.


(d:/Programs/texlive/2024/texmf-dist/tex/latex/amsfonts/umsa.fd
File: umsa.fd 2013/01/14 v3.01 AMS symbols A
)
LaTeX Font Info:    Trying to load font information for U+msb on input line 26.


(d:/Programs/texlive/2024/texmf-dist/tex/latex/amsfonts/umsb.fd
File: umsb.fd 2013/01/14 v3.01 AMS symbols B
)
<title.jpg, id=143, 1027.84pt x 1027.84pt>
File: title.jpg Graphic file (type jpg)
<use title.jpg>
Package pdftex.def Info: title.jpg  used on input line 28.
(pdftex.def)             Requested size: 338.58632pt x 338.59227pt.


[1

{d:/Programs/texlive/2024/texmf-var/fonts/map/pdftex/updmap/pdftex.map}{d:/Prog
rams/texlive/2024/texmf-dist/fonts/enc/dvips/cm-super/cm-super-t2a.enc} <./titl
e.jpg>] (D:/Projects/subd/project/docs/pdf/–õ–∞–ø-–õ–∞–Ω–¥–∏—è.toc)
\tf@toc=\write5
\openout5 = `–õ–∞–ø-–õ–∞–Ω–¥–∏—è.toc'.



[2] (./chapters/1-–æ–ø–∏—Å–∞–Ω–∏–µ-–ø—Ä–æ–µ–∫—Ç–∞.tex

[3{d:/Programs/texlive/2024/texmf-dist/fonts/enc/dvips/cm-super/cm-super-ts1.en
c}]

./chapters/1-–æ–ø–∏—Å–∞–Ω–∏–µ-–ø—Ä–æ–µ–∫—Ç–∞.tex:73: Package tikz Error: Giving
 up on this path. Did you forget a semicolon?.

See the tikz package documentation for explanation.
Type  H <return>  for immediate help.
 ...                                              
                                                  
l.73     }
          
This error message was generated by an \errmessage
command, so I can't give any explicit help.
Pretend that you're Hercule Poirot: Examine all clues,
and deduce the truth by order and method.

)
(./chapters/2-—Å—Ç—Ä—É–∫—Ç—É—Ä–∞-–∏-—ç–ª–µ–º–µ–Ω—Ç—ã-—Ö—Ä–∞–Ω–∏–ª–∏—â–∞-–¥–∞–Ω–
Ω—ã—Ö.tex

[4]
./chapters/2-—Å—Ç—Ä—É–∫—Ç—É—Ä–∞-–∏-—ç–ª–µ–º–µ–Ω—Ç—ã-—Ö—Ä–∞–Ω–∏–ª–∏—â–∞-–¥–∞–Ω–Ω
—ã—Ö.tex:54: Missing \endcsname inserted.
<to be read again> 
                   \protect 
l.54     \normalsize
                    
The control sequence marked <to be read again> should
not appear between \csname and \endcsname.

./chapters/2-—Å—Ç—Ä—É–∫—Ç—É—Ä–∞-–∏-—ç–ª–µ–º–µ–Ω—Ç—ã-—Ö—Ä–∞–Ω–∏–ª–∏—â–∞-–¥–∞–Ω–Ω
—ã—Ö.tex:54: Missing \endcsname inserted.
<to be read again> 
                   \protect 
l.54     \normalsize
                    
The control sequence marked <to be read again> should
not appear between \csname and \endcsname.


./chapters/2-—Å—Ç—Ä—É–∫—Ç—É—Ä–∞-–∏-—ç–ª–µ–º–µ–Ω—Ç—ã-—Ö—Ä–∞–Ω–∏–ª–∏—â–∞-–¥–∞–Ω–Ω
—ã—Ö.tex:54: LaTeX Error: Environment \normalsize  undefined.

See the LaTeX manual or LaTeX Companion for explanation.
Type  H <return>  for immediate help.
 ...                                              
                                                  
l.54     \normalsize
                    
Your command was ignored.
Type  I <command> <return>  to replace it with another command,
or  <return>  to continue without it.

Runaway argument?
./chapters/2-—Å—Ç—Ä—É–∫—Ç—É—Ä–∞-–∏-—ç–ª–µ–º–µ–Ω—Ç—ã-—Ö—Ä–∞–Ω–∏–ª–∏—â–∞-–¥–∞–Ω–Ω
—ã—Ö.tex:66: Paragraph ended before \end  was complete.
<to be read again> 
                   \par 
l.66 
     
I suspect you've forgotten a `}', causing me to apply this
control sequence to too much text. How can we recover?
My plan is to forget the whole thing and hope for the best.

./chapters/2-—Å—Ç—Ä—É–∫—Ç—É—Ä–∞-–∏-—ç–ª–µ–º–µ–Ω—Ç—ã-—Ö—Ä–∞–Ω–∏–ª–∏—â–∞-–¥–∞–Ω–Ω
—ã—Ö.tex:70: Missing \endcsname inserted.
<to be read again> 
                   \protect 
l.70     \normalsize
                    
The control sequence marked <to be read again> should
not appear between \csname and \endcsname.

./chapters/2-—Å—Ç—Ä—É–∫—Ç—É—Ä–∞-–∏-—ç–ª–µ–º–µ–Ω—Ç—ã-—Ö—Ä–∞–Ω–∏–ª–∏—â–∞-–¥–∞–Ω–Ω
—ã—Ö.tex:70: Missing \endcsname inserted.
<to be read again> 
                   \protect 
l.70     \normalsize
                    
The control sequence marked <to be read again> should
not appear between \csname and \endcsname.


./chapters/2-—Å—Ç—Ä—É–∫—Ç—É—Ä–∞-–∏-—ç–ª–µ–º–µ–Ω—Ç—ã-—Ö—Ä–∞–Ω–∏–ª–∏—â–∞-–¥–∞–Ω–Ω
—ã—Ö.tex:70: LaTeX Error: Environment \normalsize  undefined.

See the LaTeX manual or LaTeX Companion for explanation.
Type  H <return>  for immediate help.
 ...                                              
                                                  
l.70     \normalsize
                    
Your command was ignored.
Type  I <command> <return>  to replace it with another command,
or  <return>  to continue without it.

Runaway argument?
./chapters/2-—Å—Ç—Ä—É–∫—Ç—É—Ä–∞-–∏-—ç–ª–µ–º–µ–Ω—Ç—ã-—Ö—Ä–∞–Ω–∏–ª–∏—â–∞-–¥–∞–Ω–Ω
—ã—Ö.tex:90: Paragraph ended before \end  was complete.
<to be read again> 
                   \par 
l.90 
     
I suspect you've forgotten a `}', causing me to apply this
control sequence to too much text. How can we recover?
My plan is to forget the whole thing and hope for the best.

./chapters/2-—Å—Ç—Ä—É–∫—Ç—É—Ä–∞-–∏-—ç–ª–µ–º–µ–Ω—Ç—ã-—Ö—Ä–∞–Ω–∏–ª–∏—â–∞-–¥–∞–Ω–Ω
—ã—Ö.tex:94: Missing \endcsname inserted.
<to be read again> 
                   \protect 
l.94     \normalsize
                    
The control sequence marked <to be read again> should
not appear between \csname and \endcsname.

./chapters/2-—Å—Ç—Ä—É–∫—Ç—É—Ä–∞-–∏-—ç–ª–µ–º–µ–Ω—Ç—ã-—Ö—Ä–∞–Ω–∏–ª–∏—â–∞-–¥–∞–Ω–Ω
—ã—Ö.tex:94: Missing \endcsname inserted.
<to be read again> 
                   \protect 
l.94     \normalsize
                    
The control sequence marked <to be read again> should
not appear between \csname and \endcsname.


./chapters/2-—Å—Ç—Ä—É–∫—Ç—É—Ä–∞-–∏-—ç–ª–µ–º–µ–Ω—Ç—ã-—Ö—Ä–∞–Ω–∏–ª–∏—â–∞-–¥–∞–Ω–Ω
—ã—Ö.tex:94: LaTeX Error: Environment \normalsize  undefined.

See the LaTeX manual or LaTeX Companion for explanation.
Type  H <return>  for immediate help.
 ...                                              
                                                  
l.94     \normalsize
                    
Your command was ignored.
Type  I <command> <return>  to replace it with another command,
or  <return>  to continue without it.

Runaway argument?
./chapters/2-—Å—Ç—Ä—É–∫—Ç—É—Ä–∞-–∏-—ç–ª–µ–º–µ–Ω—Ç—ã-—Ö—Ä–∞–Ω–∏–ª–∏—â–∞-–¥–∞–Ω–Ω
—ã—Ö.tex:108: Paragraph ended before \end  was complete.
<to be read again> 
                   \par 
l.108 
      
I suspect you've forgotten a `}', causing me to apply this
control sequence to too much text. How can we recover?
My plan is to forget the whole thing and hope for the best.



[5]
./chapters/2-—Å—Ç—Ä—É–∫—Ç—É—Ä–∞-–∏-—ç–ª–µ–º–µ–Ω—Ç—ã-—Ö—Ä–∞–Ω–∏–ª–∏—â–∞-–¥–∞–Ω–Ω
—ã—Ö.tex:112: Missing \endcsname inserted.
<to be read again> 
                   \protect 
l.112     \normalsize
                     
The control sequence marked <to be read again> should
not appear between \csname and \endcsname.

./chapters/2-—Å—Ç—Ä—É–∫—Ç—É—Ä–∞-–∏-—ç–ª–µ–º–µ–Ω—Ç—ã-—Ö—Ä–∞–Ω–∏–ª–∏—â–∞-–¥–∞–Ω–Ω
—ã—Ö.tex:112: Missing \endcsname inserted.
<to be read again> 
                   \protect 
l.112     \normalsize
                     
The control sequence marked <to be read again> should
not appear between \csname and \endcsname.


./chapters/2-—Å—Ç—Ä—É–∫—Ç—É—Ä–∞-–∏-—ç–ª–µ–º–µ–Ω—Ç—ã-—Ö—Ä–∞–Ω–∏–ª–∏—â–∞-–¥–∞–Ω–Ω
—ã—Ö.tex:112: LaTeX Error: Environment \normalsize  undefined.

See the LaTeX manual or LaTeX Companion for explanation.
Type  H <return>  for immediate help.
 ...                                              
                                                  
l.112     \normalsize
                     
Your command was ignored.
Type  I <command> <return>  to replace it with another command,
or  <return>  to continue without it.

Runaway argument?
./chapters/2-—Å—Ç—Ä—É–∫—Ç—É—Ä–∞-–∏-—ç–ª–µ–º–µ–Ω—Ç—ã-—Ö—Ä–∞–Ω–∏–ª–∏—â–∞-–¥–∞–Ω–Ω
—ã—Ö.tex:126: Paragraph ended before \end  was complete.
<to be read again> 
                   \par 
l.126 
      
I suspect you've forgotten a `}', causing me to apply this
control sequence to too much text. How can we recover?
My plan is to forget the whole thing and hope for the best.

./chapters/2-—Å—Ç—Ä—É–∫—Ç—É—Ä–∞-–∏-—ç–ª–µ–º–µ–Ω—Ç—ã-—Ö—Ä–∞–Ω–∏–ª–∏—â–∞-–¥–∞–Ω–Ω
—ã—Ö.tex:130: Missing \endcsname inserted.
<to be read again> 
                   \protect 
l.130     \normalsize
                     
The control sequence marked <to be read again> should
not appear between \csname and \endcsname.

./chapters/2-—Å—Ç—Ä—É–∫—Ç—É—Ä–∞-–∏-—ç–ª–µ–º–µ–Ω—Ç—ã-—Ö—Ä–∞–Ω–∏–ª–∏—â–∞-–¥–∞–Ω–Ω
—ã—Ö.tex:130: Missing \endcsname inserted.
<to be read again> 
                   \protect 
l.130     \normalsize
                     
The control sequence marked <to be read again> should
not appear between \csname and \endcsname.


./chapters/2-—Å—Ç—Ä—É–∫—Ç—É—Ä–∞-–∏-—ç–ª–µ–º–µ–Ω—Ç—ã-—Ö—Ä–∞–Ω–∏–ª–∏—â–∞-–¥–∞–Ω–Ω
—ã—Ö.tex:130: LaTeX Error: Environment \normalsize  undefined.

See the LaTeX manual or LaTeX Companion for explanation.
Type  H <return>  for immediate help.
 ...                                              
                                                  
l.130     \normalsize
                     
Your command was ignored.
Type  I <command> <return>  to replace it with another command,
or  <return>  to continue without it.

Runaway argument?
./chapters/2-—Å—Ç—Ä—É–∫—Ç—É—Ä–∞-–∏-—ç–ª–µ–º–µ–Ω—Ç—ã-—Ö—Ä–∞–Ω–∏–ª–∏—â–∞-–¥–∞–Ω–Ω
—ã—Ö.tex:144: Paragraph ended before \end  was complete.
<to be read again> 
                   \par 
l.144 
      
I suspect you've forgotten a `}', causing me to apply this
control sequence to too much text. How can we recover?
My plan is to forget the whole thing and hope for the best.

./chapters/2-—Å—Ç—Ä—É–∫—Ç—É—Ä–∞-–∏-—ç–ª–µ–º–µ–Ω—Ç—ã-—Ö—Ä–∞–Ω–∏–ª–∏—â–∞-–¥–∞–Ω–Ω
—ã—Ö.tex:148: Missing \endcsname inserted.
<to be read again> 
                   \protect 
l.148     \normalsize
                     
The control sequence marked <to be read again> should
not appear between \csname and \endcsname.

./chapters/2-—Å—Ç—Ä—É–∫—Ç—É—Ä–∞-–∏-—ç–ª–µ–º–µ–Ω—Ç—ã-—Ö—Ä–∞–Ω–∏–ª–∏—â–∞-–¥–∞–Ω–Ω
—ã—Ö.tex:148: Missing \endcsname inserted.
<to be read again> 
                   \protect 
l.148     \normalsize
                     
The control sequence marked <to be read again> should
not appear between \csname and \endcsname.


./chapters/2-—Å—Ç—Ä—É–∫—Ç—É—Ä–∞-–∏-—ç–ª–µ–º–µ–Ω—Ç—ã-—Ö—Ä–∞–Ω–∏–ª–∏—â–∞-–¥–∞–Ω–Ω
—ã—Ö.tex:148: LaTeX Error: Environment \normalsize  undefined.

See the LaTeX manual or LaTeX Companion for explanation.
Type  H <return>  for immediate help.
 ...                                              
                                                  
l.148     \normalsize
                     
Your command was ignored.
Type  I <command> <return>  to replace it with another command,
or  <return>  to continue without it.

Runaway argument?
./chapters/2-—Å—Ç—Ä—É–∫—Ç—É—Ä–∞-–∏-—ç–ª–µ–º–µ–Ω—Ç—ã-—Ö—Ä–∞–Ω–∏–ª–∏—â–∞-–¥–∞–Ω–Ω
—ã—Ö.tex:169: Paragraph ended before \end  was complete.
<to be read again> 
                   \par 
l.169 
      
I suspect you've forgotten a `}', causing me to apply this
control sequence to too much text. How can we recover?
My plan is to forget the whole thing and hope for the best.

./chapters/2-—Å—Ç—Ä—É–∫—Ç—É—Ä–∞-–∏-—ç–ª–µ–º–µ–Ω—Ç—ã-—Ö—Ä–∞–Ω–∏–ª–∏—â–∞-–¥–∞–Ω–Ω
—ã—Ö.tex:176: Missing \endcsname inserted.
<to be read again> 
                   \protect 
l.176     \normalsize
                     
The control sequence marked <to be read again> should
not appear between \csname and \endcsname.

./chapters/2-—Å—Ç—Ä—É–∫—Ç—É—Ä–∞-–∏-—ç–ª–µ–º–µ–Ω—Ç—ã-—Ö—Ä–∞–Ω–∏–ª–∏—â–∞-–¥–∞–Ω–Ω
—ã—Ö.tex:176: Missing \endcsname inserted.
<to be read again> 
                   \protect 
l.176     \normalsize
                     
The control sequence marked <to be read again> should
not appear between \csname and \endcsname.


./chapters/2-—Å—Ç—Ä—É–∫—Ç—É—Ä–∞-–∏-—ç–ª–µ–º–µ–Ω—Ç—ã-—Ö—Ä–∞–Ω–∏–ª–∏—â–∞-–¥–∞–Ω–Ω
—ã—Ö.tex:176: LaTeX Error: Environment \normalsize  undefined.

See the LaTeX manual or LaTeX Companion for explanation.
Type  H <return>  for immediate help.
 ...                                              
                                                  
l.176     \normalsize
                     
Your command was ignored.
Type  I <command> <return>  to replace it with another command,
or  <return>  to continue without it.

Runaway argument?
./chapters/2-—Å—Ç—Ä—É–∫—Ç—É—Ä–∞-–∏-—ç–ª–µ–º–µ–Ω—Ç—ã-—Ö—Ä–∞–Ω–∏–ª–∏—â–∞-–¥–∞–Ω–Ω
—ã—Ö.tex:195: Paragraph ended before \end  was complete.
<to be read again> 
                   \par 
l.195 
      
I suspect you've forgotten a `}', causing me to apply this
control sequence to too much text. How can we recover?
My plan is to forget the whole thing and hope for the best.



[6]
./chapters/2-—Å—Ç—Ä—É–∫—Ç—É—Ä–∞-–∏-—ç–ª–µ–º–µ–Ω—Ç—ã-—Ö—Ä–∞–Ω–∏–ª–∏—â–∞-–¥–∞–Ω–Ω
—ã—Ö.tex:201: Missing \endcsname inserted.
<to be read again> 
                   \protect 
l.201     \normalsize
                     
The control sequence marked <to be read again> should
not appear between \csname and \endcsname.

./chapters/2-—Å—Ç—Ä—É–∫—Ç—É—Ä–∞-–∏-—ç–ª–µ–º–µ–Ω—Ç—ã-—Ö—Ä–∞–Ω–∏–ª–∏—â–∞-–¥–∞–Ω–Ω
—ã—Ö.tex:201: Missing \endcsname inserted.
<to be read again> 
                   \protect 
l.201     \normalsize
                     
The control sequence marked <to be read again> should
not appear between \csname and \endcsname.


./chapters/2-—Å—Ç—Ä—É–∫—Ç—É—Ä–∞-–∏-—ç–ª–µ–º–µ–Ω—Ç—ã-—Ö—Ä–∞–Ω–∏–ª–∏—â–∞-–¥–∞–Ω–Ω
—ã—Ö.tex:201: LaTeX Error: Environment \normalsize  undefined.

See the LaTeX manual or LaTeX Companion for explanation.
Type  H <return>  for immediate help.
 ...                                              
                                                  
l.201     \normalsize
                     
Your command was ignored.
Type  I <command> <return>  to replace it with another command,
or  <return>  to continue without it.

Runaway argument?
./chapters/2-—Å—Ç—Ä—É–∫—Ç—É—Ä–∞-–∏-—ç–ª–µ–º–µ–Ω—Ç—ã-—Ö—Ä–∞–Ω–∏–ª–∏—â–∞-–¥–∞–Ω–Ω
—ã—Ö.tex:215: Paragraph ended before \end  was complete.
<to be read again> 
                   \par 
l.215 
      
I suspect you've forgotten a `}', causing me to apply this
control sequence to too much text. How can we recover?
My plan is to forget the whole thing and hope for the best.

LaTeX Font Info:    Trying to load font information for T2A+cmtt on input line 
247.
(d:/Programs/texlive/2024/texmf-dist/tex/latex/cyrillic/t2acmtt.fd
File: t2acmtt.fd 2001/08/11 v1.0a Computer Modern Cyrillic font definitions
)

[7] (d:/Programs/texlive/2024/texmf-dist/tex/latex/listings/lstlang1.sty
File: lstlang1.sty 2024/09/23 1.10c listings language file
)
LaTeX Font Info:    Font shape `T2A/cmtt/bx/n' in size <12> not available
(Font)              Font shape `T2A/cmtt/m/n' tried instead on input line 308.
)
(./chapters/3-–∫–ª–∞—Å—Ç–µ—Ä-patroni-–∏-–Ω–∞—Å—Ç—Ä–æ–π–∫–∏-—É–∑–ª–æ–≤-–±–¥.tex

[8] (d:/Programs/texlive/2024/texmf-dist/tex/latex/listings/lstlang1.sty
File: lstlang1.sty 2024/09/23 1.10c listings language file
)
(d:/Programs/texlive/2024/texmf-dist/tex/latex/listings/lstlang2.sty
File: lstlang2.sty 2024/09/23 1.10c listings language file
)
(d:/Programs/texlive/2024/texmf-dist/tex/latex/listings/lstlang3.sty
File: lstlang3.sty 2024/09/23 1.10c listings language file
)

./chapters/3-–∫–ª–∞—Å—Ç–µ—Ä-patroni-–∏-–Ω–∞—Å—Ç—Ä–æ–π–∫–∏-—É–∑–ª–æ–≤-–±–¥.tex:9
: Package Listings Error: Couldn't load requested language.

See the Listings package documentation for explanation.
Type  H <return>  for immediate help.
 ...                                              
                                                  
l.9 ...y, breaklines=true,label={lst:patroniyaml}]
                                                  
The following languages weren't loadable:
    ,yaml$
This may cause errors in the sequel.


./chapters/3-–∫–ª–∞—Å—Ç–µ—Ä-patroni-–∏-–Ω–∞—Å—Ç—Ä–æ–π–∫–∏-—É–∑–ª–æ–≤-–±–¥.tex:9
: Package Listings Error: language yaml undefined.

See the Listings package documentation for explanation.
Type  H <return>  for immediate help.
 ...                                              
                                                  
l.9 ...y, breaklines=true,label={lst:patroniyaml}]
                                                  
The language is not loadable. Try typing  <return>  to proceed.
If that doesn't work, type  X <return>  to quit.

(d:/Programs/texlive/2024/texmf-dist/tex/latex/listings/lstlang1.sty
File: lstlang1.sty 2024/09/23 1.10c listings language file
)
(d:/Programs/texlive/2024/texmf-dist/tex/latex/listings/lstlang1.sty
File: lstlang1.sty 2024/09/23 1.10c listings language file
))
(./chapters/4-–º–æ–Ω–∏—Ç–æ—Ä–∏–Ω–≥.tex

[9]
Overfull \hbox (18.27272pt too wide) in paragraph at lines 7--8
[]\T2A/cmr/bx/n/12 Prometheus \T2A/cmr/m/n/12 - ËÁ-‚ÂÒÚ-ÌÓ-„Ó Ò·Ó-˘Ë-Í‡ ÏÂÚ-Ë
Í, Ó·-‡-˘‡-˛-˘Â-„Ó-Òˇ ÔÓ http Í postgres_exporter. 
 []

<grafana.png, id=253, 1129.97156pt x 598.48593pt>
File: grafana.png Graphic file (type png)
<use grafana.png>
Package pdftex.def Info: grafana.png  used on input line 17.
(pdftex.def)             Requested size: 435.32422pt x 230.55934pt.
) (./chapters/5-–±–∏–∑–Ω–µ—Å-–∞–Ω–∞–ª–∏—Ç–∏–∫–∞.tex
Overfull \hbox (1.91924pt too wide) in paragraph at lines 7--10
[]\T2A/cmr/m/n/12 »ÌËˆË‡ÎËÁ‡ˆËË ‚ÌÛÚ-ÂÌ-ÌÂÈ ·‡-Á˚ (ÍÓ-ÚÓ-ÓÈ ÔÓ ÛÏÓÎ-˜‡-ÌË˛ ˇ‚
-Îˇ-ÂÚ-Òˇ ‚ÒÚÓ-ÂÌ-Ì‡ˇ sqlite3,
 []



[10 <./grafana.png>]
<superset.png, id=260, 931.22906pt x 462.22687pt>
File: superset.png Graphic file (type png)
<use superset.png>
Package pdftex.def Info: superset.png  used on input line 34.
(pdftex.def)             Requested size: 435.32422pt x 216.07585pt.
)

[11 <./superset.png>]
(D:/Projects/subd/project/docs/pdf/–õ–∞–ø-–õ–∞–Ω–¥–∏—è.aux)
 ***********
LaTeX2e <2024-11-01> patch level 2
L3 programming layer <2025-01-18>
 ***********


LaTeX Warning: Label(s) may have changed. Rerun to get cross-references right.

Package rerunfilecheck Info: File `–õ–∞–ø-–õ–∞–Ω–¥–∏—è.out' has not changed.
(rerunfilecheck)             Checksum: 43B144C068CAF041C71AE32EF0B501F4;7458.
 )
(\end occurred inside a group at level 8)

### semi simple group (level 8) entered at line 201 (\begingroup)
### semi simple group (level 7) entered at line 176 (\begingroup)
### semi simple group (level 6) entered at line 148 (\begingroup)
### semi simple group (level 5) entered at line 130 (\begingroup)
### semi simple group (level 4) entered at line 112 (\begingroup)
### semi simple group (level 3) entered at line 94 (\begingroup)
### semi simple group (level 2) entered at line 70 (\begingroup)
### semi simple group (level 1) entered at line 54 (\begingroup)
### bottom level 
Here is how much of TeX's memory you used:
 25333 strings out of 473201
 454361 string characters out of 5715611
 1071263 words of memory out of 5000000
 48098 multiletter control sequences out of 15000+600000
 572716 words of font info for 75 fonts, out of 8000000 for 9000
 1141 hyphenation exceptions out of 8191
 84i,10n,91p,450b,1787s stack positions out of 10000i,1000n,20000p,200000b,200000s
<d:/Programs/texlive/2024/texmf-dist/fonts/type1/public/cm-supe
r/sfbx1200.pfb><d:/Programs/texlive/2024/texmf-dist/fonts/type1/public/cm-super
/sfbx1440.pfb><d:/Programs/texlive/2024/texmf-dist/fonts/type1/public/cm-super/
sfbx1728.pfb><d:/Programs/texlive/2024/texmf-dist/fonts/type1/public/cm-super/s
fit1200.pfb><d:/Programs/texlive/2024/texmf-dist/fonts/type1/public/cm-super/sf
rm1200.pfb><d:/Programs/texlive/2024/texmf-dist/fonts/type1/public/cm-super/sfr
m1440.pfb><d:/Programs/texlive/2024/texmf-dist/fonts/type1/public/cm-super/sfrm
2074.pfb><d:/Programs/texlive/2024/texmf-dist/fonts/type1/public/cm-super/sftt1
200.pfb>
Output written on D:/Projects/subd/project/docs/pdf/–õ–∞–ø-–õ–∞–Ω–¥–∏—è.pdf (11
 pages, 3159376 bytes).
PDF statistics:
 326 PDF objects out of 1000 (max. 8388607)
 287 compressed objects within 3 object streams
 73 named destinations out of 1000 (max. 500000)
 300 words of extra memory for PDF output out of 10000 (max. 10000000)

